<?xml version="1.0" encoding="UTF-8"?>
<testng-results ignored="0" total="1" passed="1" failed="0" skipped="0">
  <reporter-output>
  </reporter-output>
  <suite started-at="2023-05-30T16:25:17 IST" name="Default suite" finished-at="2023-05-30T16:25:17 IST" duration-ms="51">
    <groups>
    </groups>
    <test started-at="2023-05-30T16:25:17 IST" name="Default test" finished-at="2023-05-30T16:25:17 IST" duration-ms="51">
      <class name="Testing.Demo1">
        <test-method signature="Sample2()[pri:0, instance:Testing.Demo1@65466a6a]" started-at="2023-05-30T16:25:17 IST" name="Sample2" finished-at="2023-05-30T16:25:17 IST" duration-ms="12" status="PASS">
          <reporter-output>
          </reporter-output>
        </test-method> <!-- Sample2 -->
      </class> <!-- Testing.Demo1 -->
    </test> <!-- Default test -->
  </suite> <!-- Default suite -->
</testng-results>
