<?xml version="1.0" encoding="UTF-8"?>
<testng-results ignored="0" total="1" passed="1" failed="0" skipped="0">
  <reporter-output>
  </reporter-output>
  <suite started-at="2023-05-30T10:57:50 IST" name="Default suite" finished-at="2023-05-30T10:57:57 IST" duration-ms="6871">
    <groups>
    </groups>
    <test started-at="2023-05-30T10:57:50 IST" name="Default test" finished-at="2023-05-30T10:57:57 IST" duration-ms="6871">
      <class name="Testing.Sample">
        <test-method signature="Login()[pri:0, instance:Testing.Sample@363ee3a2]" started-at="2023-05-30T10:57:50 IST" name="Login" finished-at="2023-05-30T10:57:57 IST" duration-ms="6841" status="PASS">
          <reporter-output>
          </reporter-output>
        </test-method> <!-- Login -->
      </class> <!-- Testing.Sample -->
    </test> <!-- Default test -->
  </suite> <!-- Default suite -->
</testng-results>
