<?xml version="1.0" encoding="UTF-8"?>
<testng-results ignored="0" total="1" passed="1" failed="0" skipped="0">
  <reporter-output>
  </reporter-output>
  <suite started-at="2023-09-07T11:58:30 IST" name="Default suite" finished-at="2023-09-07T11:58:46 IST" duration-ms="15779">
    <groups>
    </groups>
    <test started-at="2023-09-07T11:58:30 IST" name="Default test" finished-at="2023-09-07T11:58:46 IST" duration-ms="15779">
      <class name="simple.Demo1">
        <test-method is-config="true" signature="setup()[pri:0, instance:simple.Demo1@3c46e67a]" started-at="2023-09-07T11:58:30 IST" name="setup" finished-at="2023-09-07T11:58:45 IST" duration-ms="14495" status="PASS">
          <reporter-output>
          </reporter-output>
        </test-method> <!-- setup -->
        <test-method signature="testinvalid()[pri:0, instance:simple.Demo1@3c46e67a]" started-at="2023-09-07T11:58:45 IST" name="testinvalid" finished-at="2023-09-07T11:58:46 IST" duration-ms="895" status="PASS">
          <reporter-output>
          </reporter-output>
        </test-method> <!-- testinvalid -->
        <test-method is-config="true" signature="tearDown()[pri:0, instance:simple.Demo1@3c46e67a]" started-at="2023-09-07T11:58:46 IST" name="tearDown" finished-at="2023-09-07T11:58:46 IST" duration-ms="340" status="PASS">
          <reporter-output>
          </reporter-output>
        </test-method> <!-- tearDown -->
      </class> <!-- simple.Demo1 -->
    </test> <!-- Default test -->
  </suite> <!-- Default suite -->
</testng-results>
